running
  '/usr/lib/R/bin/R --slave --no-restore --file=verify_NRL.R'

During startup - Warning messages:
1: Setting LC_TIME failed, using "C" 
2: Setting LC_MONETARY failed, using "C" 
3: Setting LC_PAPER failed, using "C" 
4: Setting LC_MEASUREMENT failed, using "C" 

Attaching package: ‘pracma’

The following object is masked from ‘package:metR’:

    cross


Attaching package: ‘lubridate’

The following objects are masked from ‘package:base’:

    date, intersect, setdiff, union


Attaching package: ‘data.table’

The following objects are masked from ‘package:reshape2’:

    dcast, melt

The following objects are masked from ‘package:lubridate’:

    hour, isoweek, mday, minute, month, quarter, second, wday, week,
    yday, year

Loading required package: maps

Attaching package: ‘s2dverification’

The following object is masked from ‘package:metR’:

    EOF

The following object is masked from ‘package:base’:

    Filter

Error in PromediarSemanas(lon, lat) : 
  could not find function "PromediarSemanas"
Execution halted
